2024-08-11 15:54 +05:30: Error: No transform function found on format. Did you create a format instance?
2024-08-11 15:54 +05:30: const myFormat = format(formatFn);
2024-08-11 15:54 +05:30: const instance = myFormat();
2024-08-11 15:54 +05:30:     at isValidFormat (C:\Users\2048773\OneDrive - Cognizant\Desktop\My Learning\microserviceWithExpress\node_modules\logform\combine.js:37:11)
2024-08-11 15:54 +05:30:     at Array.every (<anonymous>)
2024-08-11 15:54 +05:30:     at cascade (C:\Users\2048773\OneDrive - Cognizant\Desktop\My Learning\microserviceWithExpress\node_modules\logform\combine.js:13:16)
2024-08-11 15:54 +05:30:     at module.exports (C:\Users\2048773\OneDrive - Cognizant\Desktop\My Learning\microserviceWithExpress\node_modules\logform\combine.js:55:33)
2024-08-11 15:54 +05:30:     at Object.<anonymous> (C:\Users\2048773\OneDrive - Cognizant\Desktop\My Learning\microserviceWithExpress\src\core\logger.js:12:13)
2024-08-11 15:54 +05:30:     at Module._compile (node:internal/modules/cjs/loader:1358:14)
2024-08-11 15:54 +05:30:     at Module._extensions..js (node:internal/modules/cjs/loader:1416:10)
2024-08-11 15:54 +05:30:     at Module.load (node:internal/modules/cjs/loader:1208:32)
2024-08-11 15:54 +05:30:     at Module._load (node:internal/modules/cjs/loader:1024:12)
2024-08-11 15:54 +05:30:     at Module.require (node:internal/modules/cjs/loader:1233:19)
2024-08-11 15:55 +05:30: Error: No transform function found on format. Did you create a format instance?
2024-08-11 15:55 +05:30: const myFormat = format(formatFn);
2024-08-11 15:55 +05:30: const instance = myFormat();
2024-08-11 15:55 +05:30:     at isValidFormat (C:\Users\2048773\OneDrive - Cognizant\Desktop\My Learning\microserviceWithExpress\node_modules\logform\combine.js:37:11)
2024-08-11 15:55 +05:30:     at Array.every (<anonymous>)
2024-08-11 15:55 +05:30:     at cascade (C:\Users\2048773\OneDrive - Cognizant\Desktop\My Learning\microserviceWithExpress\node_modules\logform\combine.js:13:16)
2024-08-11 15:55 +05:30:     at module.exports (C:\Users\2048773\OneDrive - Cognizant\Desktop\My Learning\microserviceWithExpress\node_modules\logform\combine.js:55:33)
2024-08-11 15:55 +05:30:     at Object.<anonymous> (C:\Users\2048773\OneDrive - Cognizant\Desktop\My Learning\microserviceWithExpress\src\core\logger.js:12:13)
2024-08-11 15:55 +05:30:     at Module._compile (node:internal/modules/cjs/loader:1358:14)
2024-08-11 15:55 +05:30:     at Module._extensions..js (node:internal/modules/cjs/loader:1416:10)
2024-08-11 15:55 +05:30:     at Module.load (node:internal/modules/cjs/loader:1208:32)
2024-08-11 15:55 +05:30:     at Module._load (node:internal/modules/cjs/loader:1024:12)
2024-08-11 15:55 +05:30:     at Module.require (node:internal/modules/cjs/loader:1233:19)
2024-08-11 15:55 +05:30: Error: No transform function found on format. Did you create a format instance?
2024-08-11 15:55 +05:30: const myFormat = format(formatFn);
2024-08-11 15:55 +05:30: const instance = myFormat();
2024-08-11 15:55 +05:30:     at isValidFormat (C:\Users\2048773\OneDrive - Cognizant\Desktop\My Learning\microserviceWithExpress\node_modules\logform\combine.js:37:11)
2024-08-11 15:55 +05:30:     at Array.every (<anonymous>)
2024-08-11 15:55 +05:30:     at cascade (C:\Users\2048773\OneDrive - Cognizant\Desktop\My Learning\microserviceWithExpress\node_modules\logform\combine.js:13:16)
2024-08-11 15:55 +05:30:     at module.exports (C:\Users\2048773\OneDrive - Cognizant\Desktop\My Learning\microserviceWithExpress\node_modules\logform\combine.js:55:33)
2024-08-11 15:55 +05:30:     at Object.<anonymous> (C:\Users\2048773\OneDrive - Cognizant\Desktop\My Learning\microserviceWithExpress\src\core\logger.js:12:13)
2024-08-11 15:55 +05:30:     at Module._compile (node:internal/modules/cjs/loader:1358:14)
2024-08-11 15:55 +05:30:     at Module._extensions..js (node:internal/modules/cjs/loader:1416:10)
2024-08-11 15:55 +05:30:     at Module.load (node:internal/modules/cjs/loader:1208:32)
2024-08-11 15:55 +05:30:     at Module._load (node:internal/modules/cjs/loader:1024:12)
2024-08-11 15:55 +05:30:     at Module.require (node:internal/modules/cjs/loader:1233:19)
2024-08-11 15:55 +05:30: Error: No transform function found on format. Did you create a format instance?
2024-08-11 15:55 +05:30: const myFormat = format(formatFn);
2024-08-11 15:55 +05:30: const instance = myFormat();
2024-08-11 15:55 +05:30:     at isValidFormat (C:\Users\2048773\OneDrive - Cognizant\Desktop\My Learning\microserviceWithExpress\node_modules\logform\combine.js:37:11)
2024-08-11 15:55 +05:30:     at Array.every (<anonymous>)
2024-08-11 15:55 +05:30:     at cascade (C:\Users\2048773\OneDrive - Cognizant\Desktop\My Learning\microserviceWithExpress\node_modules\logform\combine.js:13:16)
2024-08-11 15:55 +05:30:     at module.exports (C:\Users\2048773\OneDrive - Cognizant\Desktop\My Learning\microserviceWithExpress\node_modules\logform\combine.js:55:33)
2024-08-11 15:55 +05:30:     at Object.<anonymous> (C:\Users\2048773\OneDrive - Cognizant\Desktop\My Learning\microserviceWithExpress\src\core\logger.js:12:13)
2024-08-11 15:55 +05:30:     at Module._compile (node:internal/modules/cjs/loader:1358:14)
2024-08-11 15:55 +05:30:     at Module._extensions..js (node:internal/modules/cjs/loader:1416:10)
2024-08-11 15:55 +05:30:     at Module.load (node:internal/modules/cjs/loader:1208:32)
2024-08-11 15:55 +05:30:     at Module._load (node:internal/modules/cjs/loader:1024:12)
2024-08-11 15:55 +05:30:     at Module.require (node:internal/modules/cjs/loader:1233:19)
2024-08-11 15:55 +05:30: Error: No transform function found on format. Did you create a format instance?
2024-08-11 15:55 +05:30: const myFormat = format(formatFn);
2024-08-11 15:55 +05:30: const instance = myFormat();
2024-08-11 15:55 +05:30:     at isValidFormat (C:\Users\2048773\OneDrive - Cognizant\Desktop\My Learning\microserviceWithExpress\node_modules\logform\combine.js:37:11)
2024-08-11 15:55 +05:30:     at Array.every (<anonymous>)
2024-08-11 15:55 +05:30:     at cascade (C:\Users\2048773\OneDrive - Cognizant\Desktop\My Learning\microserviceWithExpress\node_modules\logform\combine.js:13:16)
2024-08-11 15:55 +05:30:     at module.exports (C:\Users\2048773\OneDrive - Cognizant\Desktop\My Learning\microserviceWithExpress\node_modules\logform\combine.js:55:33)
2024-08-11 15:55 +05:30:     at Object.<anonymous> (C:\Users\2048773\OneDrive - Cognizant\Desktop\My Learning\microserviceWithExpress\src\core\logger.js:12:13)
2024-08-11 15:55 +05:30:     at Module._compile (node:internal/modules/cjs/loader:1358:14)
2024-08-11 15:55 +05:30:     at Module._extensions..js (node:internal/modules/cjs/loader:1416:10)
2024-08-11 15:55 +05:30:     at Module.load (node:internal/modules/cjs/loader:1208:32)
2024-08-11 15:55 +05:30:     at Module._load (node:internal/modules/cjs/loader:1024:12)
2024-08-11 15:55 +05:30:     at Module.require (node:internal/modules/cjs/loader:1233:19)
